<?xml version="1.0" encoding="UTF-8"?>
<testsuite xmlns:xsi="http://www.w3.org/2001/XMLSchema-instance" xsi:noNamespaceSchemaLocation="https://maven.apache.org/surefire/maven-surefire-plugin/xsd/surefire-test-report.xsd" name="rest.RenameMeResourceTest" time="0.051" tests="1" errors="1" skipped="0" failures="0">
  <properties>
[...]
</properties>
  <testcase name="rest.RenameMeResourceTest" classname="rest.RenameMeResourceTest" time="0.051">
    <error message="Exception [EclipseLink-4002] (Eclipse Persistence Services - 2.7.7.v20200504-69f2c2b80d): org.eclipse.persistence.exceptions.DatabaseException&#10;Internal Exception: java.sql.SQLSyntaxErrorException: Unknown database &apos;startcode_test&apos;&#10;Error Code: 1049" type="javax.persistence.PersistenceException">javax.persistence.PersistenceException: 
Exception [EclipseLink-4002] (Eclipse Persistence Services - 2.7.7.v20200504-69f2c2b80d): org.eclipse.persistence.exceptions.DatabaseException
Internal Exception: java.sql.SQLSyntaxErrorException: Unknown database 'startcode_test'
Error Code: 1049
	at rest.RenameMeResourceTest.setUpClass(RenameMeResourceTest.java:44)
Caused by: org.eclipse.persistence.exceptions.DatabaseException: 

Internal Exception: java.sql.SQLSyntaxErrorException: Unknown database 'startcode_test'
Error Code: 1049
	at rest.RenameMeResourceTest.setUpClass(RenameMeResourceTest.java:44)
Caused by: java.sql.SQLSyntaxErrorException: Unknown database 'startcode_test'
	at rest.RenameMeResourceTest.setUpClass(RenameMeResourceTest.java:44)
</error>
    <system-out><![CDATA[Using the TEST database via persistence-unit --> puTest 
[EL Severe]: metadata: 2023-04-18 11:15:06.878--ServerSession(1154941313)--The java.lang.Object class was compiled with an unsupported JDK. Report this error to the EclipseLink open source project.
java.lang.IllegalArgumentException: Unsupported class file major version 62
[EL Severe]: metadata: 2023-04-18 11:15:06.878--ServerSession(1154941313)--The java.lang.Object class was compiled with an unsupported JDK. Report this error to the EclipseLink open source project.
java.lang.ArrayIndexOutOfBoundsException
[EL Severe]: metadata: 2023-04-18 11:15:06.881--ServerSession(1154941313)--The java.lang.String class was compiled with an unsupported JDK. Report this error to the EclipseLink open source project.
java.lang.IllegalArgumentException: Unsupported class file major version 62
[EL Severe]: metadata: 2023-04-18 11:15:06.881--ServerSession(1154941313)--The java.lang.String class was compiled with an unsupported JDK. Report this error to the EclipseLink open source project.
java.lang.ArrayIndexOutOfBoundsException
[EL Severe]: metadata: 2023-04-18 11:15:06.882--ServerSession(1154941313)--The java.util.List class was compiled with an unsupported JDK. Report this error to the EclipseLink open source project.
java.lang.IllegalArgumentException: Unsupported class file major version 62
[EL Severe]: metadata: 2023-04-18 11:15:06.882--ServerSession(1154941313)--The java.util.List class was compiled with an unsupported JDK. Report this error to the EclipseLink open source project.
java.lang.ArrayIndexOutOfBoundsException
[EL Severe]: metadata: 2023-04-18 11:15:06.882--ServerSession(1154941313)--The java.util.Collection class was compiled with an unsupported JDK. Report this error to the EclipseLink open source project.
java.lang.IllegalArgumentException: Unsupported class file major version 62
[EL Severe]: metadata: 2023-04-18 11:15:06.882--ServerSession(1154941313)--The java.util.Collection class was compiled with an unsupported JDK. Report this error to the EclipseLink open source project.
java.lang.ArrayIndexOutOfBoundsException
[EL Severe]: metadata: 2023-04-18 11:15:06.882--ServerSession(1154941313)--The java.lang.Iterable class was compiled with an unsupported JDK. Report this error to the EclipseLink open source project.
java.lang.IllegalArgumentException: Unsupported class file major version 62
[EL Severe]: metadata: 2023-04-18 11:15:06.882--ServerSession(1154941313)--The java.lang.Iterable class was compiled with an unsupported JDK. Report this error to the EclipseLink open source project.
java.lang.ArrayIndexOutOfBoundsException
[EL Severe]: metadata: 2023-04-18 11:15:06.883--ServerSession(1154941313)--The java.lang.Long class was compiled with an unsupported JDK. Report this error to the EclipseLink open source project.
java.lang.IllegalArgumentException: Unsupported class file major version 62
[EL Severe]: metadata: 2023-04-18 11:15:06.883--ServerSession(1154941313)--The java.lang.Long class was compiled with an unsupported JDK. Report this error to the EclipseLink open source project.
java.lang.ArrayIndexOutOfBoundsException
[EL Severe]: metadata: 2023-04-18 11:15:06.883--ServerSession(1154941313)--The java.io.Serializable class was compiled with an unsupported JDK. Report this error to the EclipseLink open source project.
java.lang.IllegalArgumentException: Unsupported class file major version 62
[EL Severe]: metadata: 2023-04-18 11:15:06.883--ServerSession(1154941313)--The java.io.Serializable class was compiled with an unsupported JDK. Report this error to the EclipseLink open source project.
java.lang.ArrayIndexOutOfBoundsException
[EL Severe]: metadata: 2023-04-18 11:15:06.884--ServerSession(1154941313)--The java.lang.Number class was compiled with an unsupported JDK. Report this error to the EclipseLink open source project.
java.lang.IllegalArgumentException: Unsupported class file major version 62
[EL Severe]: metadata: 2023-04-18 11:15:06.884--ServerSession(1154941313)--The java.lang.Number class was compiled with an unsupported JDK. Report this error to the EclipseLink open source project.
java.lang.ArrayIndexOutOfBoundsException
[EL Info]: 2023-04-18 11:15:06.886--ServerSession(1154941313)--EclipseLink, version: Eclipse Persistence Services - 2.7.7.v20200504-69f2c2b80d
[EL Severe]: ejb: 2023-04-18 11:15:06.924--ServerSession(1154941313)--Exception [EclipseLink-4002] (Eclipse Persistence Services - 2.7.7.v20200504-69f2c2b80d): org.eclipse.persistence.exceptions.DatabaseException
Internal Exception: java.sql.SQLSyntaxErrorException: Unknown database 'startcode_test'
Error Code: 1049
##########################################################
######      ERROR Creating a persistence Unit       ######
###### Have you started the dev and test databases? ######
######          (docker-compose up -d )             ######
##########################################################
]]></system-out>
  </testcase>
</testsuite>